<?xml version="1.0" encoding="UTF-8"?>
<robot generator="Robot 6.0.2 (Python 3.12.1 on win32)" generated="20250829 19:31:59.217" rpa="false" schemaversion="3">
<suite id="s1" name="AddTask" source="C:\Users\t001397\OneDrive - The Siam Commercial Bank PCL\NLeads\Jira\Jira-Data\AddTask.robot">
<test id="s1-t1" name="GlobalSearch" line="32">
<kw name="Get All Path" library="keyword">
<kw name="Getpathsectionbyrow" library="handledata">
<var>${paths}</var>
<arg>${excelname}</arg>
<arg>${pathsheet}</arg>
<msg timestamp="20250829 19:32:00.464" level="INFO">${paths} = {'Home': {'logined': "//*[(text()='Log in to continue')]", 'log_microsoft': '//*[@id="microsoft-auth-button"]', 'next': '//*[@id="idSIButton9"]', 'username': '//*[@id="i0116"]', 'search': '//div[@role...</msg>
<status status="PASS" starttime="20250829 19:32:00.436" endtime="20250829 19:32:00.464"/>
</kw>
<kw name="Set Suite Variable" library="BuiltIn">
<arg>${paths}</arg>
<doc>Makes a variable available everywhere within the scope of the current suite.</doc>
<msg timestamp="20250829 19:32:00.464" level="INFO">${paths} = {'Home': {'logined': "//*[(text()='Log in to continue')]", 'log_microsoft': '//*[@id="microsoft-auth-button"]', 'next': '//*[@id="idSIButton9"]', 'username': '//*[@id="i0116"]', 'search': '//div[@role...</msg>
<status status="PASS" starttime="20250829 19:32:00.464" endtime="20250829 19:32:00.464"/>
</kw>
<status status="PASS" starttime="20250829 19:32:00.436" endtime="20250829 19:32:00.464"/>
</kw>
<kw name="Get All Data" library="keyword">
<kw name="Getdatabycol" library="handledata">
<var>${data}</var>
<arg>${excelname}</arg>
<arg>${CAsheet}</arg>
<msg timestamp="20250829 19:32:00.482" level="INFO">${data} = {'1': {'No': '1', 'TaskName': 'SR-41923 - [NLEADS] - Execute SIT', 'SubTaskName': 'TEST', 'Assignee': 'NATTAWAT LUMTANSAWAN', 'Reporter': 'CHURATIP CHUNTRARUG', 'StartDate': '8/29/2025', 'EndDate': '8...</msg>
<status status="PASS" starttime="20250829 19:32:00.464" endtime="20250829 19:32:00.482"/>
</kw>
<kw name="Set Suite Variable" library="BuiltIn">
<arg>${data}</arg>
<doc>Makes a variable available everywhere within the scope of the current suite.</doc>
<msg timestamp="20250829 19:32:00.482" level="INFO">${data} = {'1': {'No': '1', 'TaskName': 'SR-41923 - [NLEADS] - Execute SIT', 'SubTaskName': 'TEST', 'Assignee': 'NATTAWAT LUMTANSAWAN', 'Reporter': 'CHURATIP CHUNTRARUG', 'StartDate': '8/29/2025', 'EndDate': '8...</msg>
<status status="PASS" starttime="20250829 19:32:00.482" endtime="20250829 19:32:00.482"/>
</kw>
<status status="PASS" starttime="20250829 19:32:00.464" endtime="20250829 19:32:00.482"/>
</kw>
<kw name="Get From Dictionary" library="Collections">
<var>${home_section}</var>
<arg>${paths}</arg>
<arg>Home</arg>
<doc>Returns a value from the given ``dictionary`` based on the given ``key``.</doc>
<msg timestamp="20250829 19:32:00.482" level="INFO">${home_section} = {'logined': "//*[(text()='Log in to continue')]", 'log_microsoft': '//*[@id="microsoft-auth-button"]', 'next': '//*[@id="idSIButton9"]', 'username': '//*[@id="i0116"]', 'search': '//div[@role ="search...</msg>
<status status="PASS" starttime="20250829 19:32:00.482" endtime="20250829 19:32:00.482"/>
</kw>
<kw name="Set Suite Variable" library="BuiltIn">
<arg>${home_section}</arg>
<doc>Makes a variable available everywhere within the scope of the current suite.</doc>
<msg timestamp="20250829 19:32:00.482" level="INFO">${home_section} = {'logined': "//*[(text()='Log in to continue')]", 'log_microsoft': '//*[@id="microsoft-auth-button"]', 'next': '//*[@id="idSIButton9"]', 'username': '//*[@id="i0116"]', 'search': '//div[@role ="search...</msg>
<status status="PASS" starttime="20250829 19:32:00.482" endtime="20250829 19:32:00.482"/>
</kw>
<kw name="Log in">
<kw name="Open XLeads" library="keyword">
<kw name="Open Browser" library="SeleniumLibrary">
<arg>${jirapath}</arg>
<arg>browser=${browser}</arg>
<doc>Opens a new browser instance to the optional ``url``.</doc>
<msg timestamp="20250829 19:32:00.482" level="INFO">Opening browser 'Edge' to base url 'https://id.atlassian.com/login?continue=https%3A%2F%2Fid.atlassian.com%2Fjoin%2Fuser-access%3Fresource%3Dari%253Acloud%253Ajira%253A%253Asite%252Fd134ff73-ae01-4896-99d8-37238f888144%26continue%3Dhttps%253A%252F%252Fscbjira.atlassian.net%252Fbrowse%252FQA-456210&amp;application=jira'.</msg>
<status status="PASS" starttime="20250829 19:32:00.482" endtime="20250829 19:32:09.250"/>
</kw>
<kw name="Maximize Browser Window" library="SeleniumLibrary">
<doc>Maximizes current browser window.</doc>
<status status="PASS" starttime="20250829 19:32:09.251" endtime="20250829 19:32:09.292"/>
</kw>
<kw name="PAGE ZOOM to 50" library="keyword">
<kw name="Zoom Out" library="zoomout">
<status status="PASS" starttime="20250829 19:32:09.292" endtime="20250829 19:32:10.000"/>
</kw>
<kw name="Sleep" library="BuiltIn">
<arg>0.5s</arg>
<doc>Pauses the test executed for the given time.</doc>
<msg timestamp="20250829 19:32:10.500" level="INFO">Slept 500 milliseconds</msg>
<status status="PASS" starttime="20250829 19:32:10.000" endtime="20250829 19:32:10.500"/>
</kw>
<status status="PASS" starttime="20250829 19:32:09.292" endtime="20250829 19:32:10.500"/>
</kw>
<kw name="Sleep" library="BuiltIn">
<arg>0.5s</arg>
<doc>Pauses the test executed for the given time.</doc>
<msg timestamp="20250829 19:32:11.000" level="INFO">Slept 500 milliseconds</msg>
<status status="PASS" starttime="20250829 19:32:10.500" endtime="20250829 19:32:11.000"/>
</kw>
<status status="PASS" starttime="20250829 19:32:00.482" endtime="20250829 19:32:11.000"/>
</kw>
<kw name="Sleep" library="BuiltIn">
<arg>3s</arg>
<doc>Pauses the test executed for the given time.</doc>
<msg timestamp="20250829 19:32:14.001" level="INFO">Slept 3 seconds</msg>
<status status="PASS" starttime="20250829 19:32:11.000" endtime="20250829 19:32:14.001"/>
</kw>
<kw name="Run Keyword And Return Status" library="BuiltIn">
<var>${Islogined}</var>
<arg>Element Should Be Visible</arg>
<arg>${home_section}[logined]</arg>
<doc>Runs the given keyword with given arguments and returns the status as a Boolean value.</doc>
<kw name="Element Should Be Visible" library="SeleniumLibrary">
<arg>${home_section}[logined]</arg>
<doc>Verifies that the element identified by ``locator`` is visible.</doc>
<msg timestamp="20250829 19:32:14.014" level="INFO">Element '//*[(text()='Log in to continue')]' is displayed.</msg>
<status status="PASS" starttime="20250829 19:32:14.001" endtime="20250829 19:32:14.014"/>
</kw>
<msg timestamp="20250829 19:32:14.014" level="INFO">${Islogined} = True</msg>
<status status="PASS" starttime="20250829 19:32:14.001" endtime="20250829 19:32:14.014"/>
</kw>
<if>
<branch type="IF" condition="${Islogined}">
<kw name="Wait and Click" library="keyword">
<arg>${home_section}[log_microsoft]</arg>
<kw name="Wait Until Element Is Visible" library="SeleniumLibrary">
<arg>${path}</arg>
<arg>${time}</arg>
<doc>Waits until the element ``locator`` is visible.</doc>
<status status="PASS" starttime="20250829 19:32:14.014" endtime="20250829 19:32:14.034"/>
</kw>
<kw name="Sleep" library="BuiltIn">
<arg>0.5s</arg>
<doc>Pauses the test executed for the given time.</doc>
<msg timestamp="20250829 19:32:14.534" level="INFO">Slept 500 milliseconds</msg>
<status status="PASS" starttime="20250829 19:32:14.034" endtime="20250829 19:32:14.534"/>
</kw>
<kw name="Click Element" library="SeleniumLibrary">
<arg>${path}</arg>
<doc>Click the element identified by ``locator``.</doc>
<msg timestamp="20250829 19:32:14.534" level="INFO">Clicking element '//*[@id="microsoft-auth-button"]'.</msg>
<status status="PASS" starttime="20250829 19:32:14.534" endtime="20250829 19:32:18.238"/>
</kw>
<kw name="Sleep" library="BuiltIn">
<arg>0.5s</arg>
<doc>Pauses the test executed for the given time.</doc>
<msg timestamp="20250829 19:32:18.738" level="INFO">Slept 500 milliseconds</msg>
<status status="PASS" starttime="20250829 19:32:18.238" endtime="20250829 19:32:18.738"/>
</kw>
<status status="PASS" starttime="20250829 19:32:14.014" endtime="20250829 19:32:18.738"/>
</kw>
<kw name="Sleep" library="BuiltIn">
<arg>3s</arg>
<doc>Pauses the test executed for the given time.</doc>
<msg timestamp="20250829 19:32:21.739" level="INFO">Slept 3 seconds</msg>
<status status="PASS" starttime="20250829 19:32:18.738" endtime="20250829 19:32:21.739"/>
</kw>
<kw name="Run Keyword And Return Status" library="BuiltIn">
<var>${IsAnother}</var>
<arg>Element Should Be Visible</arg>
<arg>//div[@id="otherTileText"]</arg>
<doc>Runs the given keyword with given arguments and returns the status as a Boolean value.</doc>
<kw name="Element Should Be Visible" library="SeleniumLibrary">
<arg>//div[@id="otherTileText"]</arg>
<doc>Verifies that the element identified by ``locator`` is visible.</doc>
<msg timestamp="20250829 19:32:21.760" level="INFO">Element '//div[@id="otherTileText"]' is displayed.</msg>
<status status="PASS" starttime="20250829 19:32:21.740" endtime="20250829 19:32:21.760"/>
</kw>
<msg timestamp="20250829 19:32:21.760" level="INFO">${IsAnother} = True</msg>
<status status="PASS" starttime="20250829 19:32:21.739" endtime="20250829 19:32:21.760"/>
</kw>
<if>
<branch type="IF" condition="${IsAnother}">
<kw name="Wait and Click" library="keyword">
<arg>//div[@id="otherTileText"]</arg>
<kw name="Wait Until Element Is Visible" library="SeleniumLibrary">
<arg>${path}</arg>
<arg>${time}</arg>
<doc>Waits until the element ``locator`` is visible.</doc>
<status status="PASS" starttime="20250829 19:32:21.760" endtime="20250829 19:32:21.773"/>
</kw>
<kw name="Sleep" library="BuiltIn">
<arg>0.5s</arg>
<doc>Pauses the test executed for the given time.</doc>
<msg timestamp="20250829 19:32:22.273" level="INFO">Slept 500 milliseconds</msg>
<status status="PASS" starttime="20250829 19:32:21.773" endtime="20250829 19:32:22.273"/>
</kw>
<kw name="Click Element" library="SeleniumLibrary">
<arg>${path}</arg>
<doc>Click the element identified by ``locator``.</doc>
<msg timestamp="20250829 19:32:22.273" level="INFO">Clicking element '//div[@id="otherTileText"]'.</msg>
<status status="PASS" starttime="20250829 19:32:22.273" endtime="20250829 19:32:22.335"/>
</kw>
<kw name="Sleep" library="BuiltIn">
<arg>0.5s</arg>
<doc>Pauses the test executed for the given time.</doc>
<msg timestamp="20250829 19:32:22.837" level="INFO">Slept 500 milliseconds</msg>
<status status="PASS" starttime="20250829 19:32:22.336" endtime="20250829 19:32:22.837"/>
</kw>
<status status="PASS" starttime="20250829 19:32:21.760" endtime="20250829 19:32:22.837"/>
</kw>
<status status="PASS" starttime="20250829 19:32:21.760" endtime="20250829 19:32:22.837"/>
</branch>
<status status="PASS" starttime="20250829 19:32:21.760" endtime="20250829 19:32:22.837"/>
</if>
<kw name="Wait and Input" library="keyword">
<arg>${home_section}[username]</arg>
<arg>${Username}</arg>
<kw name="Wait Until Element Is Visible" library="SeleniumLibrary">
<arg>${path}</arg>
<arg>${time}</arg>
<doc>Waits until the element ``locator`` is visible.</doc>
<status status="PASS" starttime="20250829 19:32:22.837" endtime="20250829 19:32:22.902"/>
</kw>
<kw name="Sleep" library="BuiltIn">
<arg>0.5s</arg>
<doc>Pauses the test executed for the given time.</doc>
<msg timestamp="20250829 19:32:23.403" level="INFO">Slept 500 milliseconds</msg>
<status status="PASS" starttime="20250829 19:32:22.902" endtime="20250829 19:32:23.403"/>
</kw>
<kw name="Clear Element Text" library="SeleniumLibrary">
<arg>${path}</arg>
<doc>Clears the value of the text-input-element identified by ``locator``.</doc>
<status status="PASS" starttime="20250829 19:32:23.403" endtime="20250829 19:32:23.452"/>
</kw>
<kw name="Input Text" library="SeleniumLibrary">
<arg>${path}</arg>
<arg>${text}</arg>
<doc>Types the given ``text`` into the text field identified by ``locator``.</doc>
<msg timestamp="20250829 19:32:23.452" level="INFO">Typing text 'napol.tharanajesda@scb.co.th' into text field '//*[@id="i0116"]'.</msg>
<status status="PASS" starttime="20250829 19:32:23.452" endtime="20250829 19:32:23.514"/>
</kw>
<kw name="Sleep" library="BuiltIn">
<arg>0.5s</arg>
<doc>Pauses the test executed for the given time.</doc>
<msg timestamp="20250829 19:32:24.015" level="INFO">Slept 500 milliseconds</msg>
<status status="PASS" starttime="20250829 19:32:23.514" endtime="20250829 19:32:24.015"/>
</kw>
<status status="PASS" starttime="20250829 19:32:22.837" endtime="20250829 19:32:24.015"/>
</kw>
<kw name="Wait and Click" library="keyword">
<arg>${home_section}[next]</arg>
<kw name="Wait Until Element Is Visible" library="SeleniumLibrary">
<arg>${path}</arg>
<arg>${time}</arg>
<doc>Waits until the element ``locator`` is visible.</doc>
<status status="PASS" starttime="20250829 19:32:24.015" endtime="20250829 19:32:24.033"/>
</kw>
<kw name="Sleep" library="BuiltIn">
<arg>0.5s</arg>
<doc>Pauses the test executed for the given time.</doc>
<msg timestamp="20250829 19:32:24.534" level="INFO">Slept 500 milliseconds</msg>
<status status="PASS" starttime="20250829 19:32:24.033" endtime="20250829 19:32:24.534"/>
</kw>
<kw name="Click Element" library="SeleniumLibrary">
<arg>${path}</arg>
<doc>Click the element identified by ``locator``.</doc>
<msg timestamp="20250829 19:32:24.534" level="INFO">Clicking element '//*[@id="idSIButton9"]'.</msg>
<status status="PASS" starttime="20250829 19:32:24.534" endtime="20250829 19:32:24.582"/>
</kw>
<kw name="Sleep" library="BuiltIn">
<arg>0.5s</arg>
<doc>Pauses the test executed for the given time.</doc>
<msg timestamp="20250829 19:32:25.082" level="INFO">Slept 500 milliseconds</msg>
<status status="PASS" starttime="20250829 19:32:24.582" endtime="20250829 19:32:25.082"/>
</kw>
<status status="PASS" starttime="20250829 19:32:24.015" endtime="20250829 19:32:25.083"/>
</kw>
<kw name="Sleep" library="BuiltIn">
<arg>3s</arg>
<doc>Pauses the test executed for the given time.</doc>
<msg timestamp="20250829 19:32:28.083" level="INFO">Slept 3 seconds</msg>
<status status="PASS" starttime="20250829 19:32:25.083" endtime="20250829 19:32:28.083"/>
</kw>
<kw name="Wait and Click" library="keyword">
<arg>//*[@id="idSIButton9"]</arg>
<arg>300s</arg>
<kw name="Wait Until Element Is Visible" library="SeleniumLibrary">
<arg>${path}</arg>
<arg>${time}</arg>
<doc>Waits until the element ``locator`` is visible.</doc>
<status status="PASS" starttime="20250829 19:32:28.083" endtime="20250829 19:32:33.445"/>
</kw>
<kw name="Sleep" library="BuiltIn">
<arg>0.5s</arg>
<doc>Pauses the test executed for the given time.</doc>
<msg timestamp="20250829 19:32:33.945" level="INFO">Slept 500 milliseconds</msg>
<status status="PASS" starttime="20250829 19:32:33.445" endtime="20250829 19:32:33.945"/>
</kw>
<kw name="Click Element" library="SeleniumLibrary">
<arg>${path}</arg>
<doc>Click the element identified by ``locator``.</doc>
<msg timestamp="20250829 19:32:33.945" level="INFO">Clicking element '//*[@id="idSIButton9"]'.</msg>
<status status="PASS" starttime="20250829 19:32:33.945" endtime="20250829 19:32:33.977"/>
</kw>
<kw name="Sleep" library="BuiltIn">
<arg>0.5s</arg>
<doc>Pauses the test executed for the given time.</doc>
<msg timestamp="20250829 19:32:34.477" level="INFO">Slept 500 milliseconds</msg>
<status status="PASS" starttime="20250829 19:32:33.977" endtime="20250829 19:32:34.477"/>
</kw>
<status status="PASS" starttime="20250829 19:32:28.083" endtime="20250829 19:32:34.477"/>
</kw>
<kw name="Sleep" library="BuiltIn">
<arg>0.5s</arg>
<doc>Pauses the test executed for the given time.</doc>
<msg timestamp="20250829 19:32:34.977" level="INFO">Slept 500 milliseconds</msg>
<status status="PASS" starttime="20250829 19:32:34.477" endtime="20250829 19:32:34.977"/>
</kw>
<kw name="Wait Until Element Is Visible" library="SeleniumLibrary">
<arg>${home_section}[search]</arg>
<arg>timeout=300s</arg>
<doc>Waits until the element ``locator`` is visible.</doc>
<status status="PASS" starttime="20250829 19:32:34.977" endtime="20250829 19:32:50.010"/>
</kw>
<kw name="Sleep" library="BuiltIn">
<arg>0.5s</arg>
<doc>Pauses the test executed for the given time.</doc>
<msg timestamp="20250829 19:32:50.511" level="INFO">Slept 500 milliseconds</msg>
<status status="PASS" starttime="20250829 19:32:50.010" endtime="20250829 19:32:50.511"/>
</kw>
<status status="PASS" starttime="20250829 19:32:14.014" endtime="20250829 19:32:50.511"/>
</branch>
<branch type="ELSE">
<return>
<status status="NOT RUN" starttime="20250829 19:32:50.511" endtime="20250829 19:32:50.511"/>
</return>
<status status="NOT RUN" starttime="20250829 19:32:50.511" endtime="20250829 19:32:50.511"/>
</branch>
<status status="PASS" starttime="20250829 19:32:14.014" endtime="20250829 19:32:50.511"/>
</if>
<status status="PASS" starttime="20250829 19:32:00.482" endtime="20250829 19:32:50.511"/>
</kw>
<kw name="Getkeysbyorder" library="handledata">
<var>${Keys_No}</var>
<arg>${data}</arg>
<msg timestamp="20250829 19:32:50.512" level="INFO">${Keys_No} = ['1']</msg>
<status status="PASS" starttime="20250829 19:32:50.512" endtime="20250829 19:32:50.512"/>
</kw>
<for flavor="IN ENUMERATE">
<var>${index}</var>
<var>${Keys_No}</var>
<value>@{Keys_No}</value>
<iter>
<var name="${index}">0</var>
<var name="${Keys_No}">1</var>
<try>
<branch type="TRY">
<kw name="Wait and Input" library="keyword">
<arg>//input[@data-test-id="search-dialog-input"]</arg>
<arg>${Qa}</arg>
<kw name="Wait Until Element Is Visible" library="SeleniumLibrary">
<arg>${path}</arg>
<arg>${time}</arg>
<doc>Waits until the element ``locator`` is visible.</doc>
<status status="PASS" starttime="20250829 19:32:50.513" endtime="20250829 19:32:50.944"/>
</kw>
<kw name="Sleep" library="BuiltIn">
<arg>0.5s</arg>
<doc>Pauses the test executed for the given time.</doc>
<msg timestamp="20250829 19:32:51.444" level="INFO">Slept 500 milliseconds</msg>
<status status="PASS" starttime="20250829 19:32:50.944" endtime="20250829 19:32:51.444"/>
</kw>
<kw name="Clear Element Text" library="SeleniumLibrary">
<arg>${path}</arg>
<doc>Clears the value of the text-input-element identified by ``locator``.</doc>
<status status="PASS" starttime="20250829 19:32:51.444" endtime="20250829 19:32:51.859"/>
</kw>
<kw name="Input Text" library="SeleniumLibrary">
<arg>${path}</arg>
<arg>${text}</arg>
<doc>Types the given ``text`` into the text field identified by ``locator``.</doc>
<msg timestamp="20250829 19:32:51.860" level="INFO">Typing text 'QA-456210' into text field '//input[@data-test-id="search-dialog-input"]'.</msg>
<msg timestamp="20250829 19:32:52.919" level="INFO" html="true">&lt;/td&gt;&lt;/tr&gt;&lt;tr&gt;&lt;td colspan="3"&gt;&lt;a href="selenium-screenshot-26.png"&gt;&lt;img src="selenium-screenshot-26.png" width="800px"&gt;&lt;/a&gt;</msg>
<msg timestamp="20250829 19:32:52.919" level="FAIL">StaleElementReferenceException: Message: stale element reference: stale element not found in the current frame
  (Session info: MicrosoftEdge=139.0.3405.119)
Stacktrace:
	GetHandleVerifier [0x0x7ff6defde795+22117]
	(No symbol) [0x0x7ff6def2ee10]
	GetHandleVerifier [0x0x7ff6df264c3c+2669324]
	(No symbol) [0x0x7ff6ded03794]
	(No symbol) [0x0x7ff6ded0602c]
	(No symbol) [0x0x7ff6ded060ff]
	(No symbol) [0x0x7ff6ded44a99]
	(No symbol) [0x0x7ff6ded4356d]
	(No symbol) [0x0x7ff6ded6a7ea]
	(No symbol) [0x0x7ff6ded3f68d]
	(No symbol) [0x0x7ff6ded3f54d]
	(No symbol) [0x0x7ff6ded6aab0]
	(No symbol) [0x0x7ff6ded3f68d]
	(No symbol) [0x0x7ff6ded8762f]
	(No symbol) [0x0x7ff6ded6a553]
	(No symbol) [0x0x7ff6ded3eb86]
	(No symbol) [0x0x7ff6ded3de11]
	(No symbol) [0x0x7ff6ded3e9b3]
	(No symbol) [0x0x7ff6dee3907d]
	(No symbol) [0x0x7ff6dee45fe8]
	GetHandleVerifier [0x0x7ff6df0bf287+942423]
	GetHandleVerifier [0x0x7ff6df0c8231+979201]
	(No symbol) [0x0x7ff6def3c3c1]
	(No symbol) [0x0x7ff6def34d74]
	(No symbol) [0x0x7ff6def34ec3]
	(No symbol) [0x0x7ff6def27026]
	BaseThreadInitThunk [0x0x7ffe87a6e8d7+23]
	RtlUserThreadStart [0x0x7ffe887dc34c+44]
</msg>
<status status="FAIL" starttime="20250829 19:32:51.860" endtime="20250829 19:32:52.926"/>
</kw>
<kw name="Sleep" library="BuiltIn">
<arg>0.5s</arg>
<doc>Pauses the test executed for the given time.</doc>
<status status="NOT RUN" starttime="20250829 19:32:52.926" endtime="20250829 19:32:52.926"/>
</kw>
<status status="FAIL" starttime="20250829 19:32:50.512" endtime="20250829 19:32:52.926"/>
</kw>
<kw name="Press Keys" library="SeleniumLibrary">
<arg>${home_section}[search]</arg>
<arg>ENTER</arg>
<doc>Simulates the user pressing key(s) to an element or on the active browser.</doc>
<status status="NOT RUN" starttime="20250829 19:32:52.926" endtime="20250829 19:32:52.926"/>
</kw>
<kw name="Set Variable" library="BuiltIn">
<var>${pathtask}</var>
<arg>//*[text()="${data}[${Keys_No}][TaskName]"]</arg>
<doc>Returns the given values which can then be assigned to a variables.</doc>
<status status="NOT RUN" starttime="20250829 19:32:52.926" endtime="20250829 19:32:52.926"/>
</kw>
<kw name="Wait Scroll and Click" library="keyword">
<arg>${pathtask}</arg>
<status status="NOT RUN" starttime="20250829 19:32:52.926" endtime="20250829 19:32:52.926"/>
</kw>
<kw name="Wait Scroll and Click" library="keyword">
<arg>${home_section}[addsubtask]</arg>
<status status="NOT RUN" starttime="20250829 19:32:52.926" endtime="20250829 19:32:52.926"/>
</kw>
<kw name="Wait Scroll and Input" library="keyword">
<arg>${home_section}[namesubtask]</arg>
<arg>${data}[${Keys_No}][SubTaskName]</arg>
<status status="NOT RUN" starttime="20250829 19:32:52.926" endtime="20250829 19:32:52.926"/>
</kw>
<kw name="Wait and Click" library="keyword">
<arg>${home_section}[create]</arg>
<status status="NOT RUN" starttime="20250829 19:32:52.926" endtime="20250829 19:32:52.926"/>
</kw>
<kw name="Set Variable" library="BuiltIn">
<var>${pathtask}</var>
<arg>//*[text()="${data}[${Keys_No}][SubTaskName]"]</arg>
<doc>Returns the given values which can then be assigned to a variables.</doc>
<status status="NOT RUN" starttime="20250829 19:32:52.926" endtime="20250829 19:32:52.926"/>
</kw>
<kw name="Wait Scroll and Click" library="keyword">
<arg>${pathtask}</arg>
<status status="NOT RUN" starttime="20250829 19:32:52.927" endtime="20250829 19:32:52.927"/>
</kw>
<kw name="Wait Scroll and Input" library="keyword">
<arg>${home_section}[Assignee]</arg>
<arg>${data}[${Keys_No}][Assignee]</arg>
<status status="NOT RUN" starttime="20250829 19:32:52.927" endtime="20250829 19:32:52.927"/>
</kw>
<kw name="Wait Scroll and Input" library="keyword">
<arg>${home_section}[Reporter]</arg>
<arg>${data}[${Keys_No}][Reporter]</arg>
<status status="NOT RUN" starttime="20250829 19:32:52.927" endtime="20250829 19:32:52.927"/>
</kw>
<kw name="Wait Scroll and Click" library="keyword">
<arg>${home_section}[StartDate]</arg>
<status status="NOT RUN" starttime="20250829 19:32:52.927" endtime="20250829 19:32:52.927"/>
</kw>
<kw name="Wait Scroll and Click" library="keyword">
<arg>${home_section}[EndDate]</arg>
<status status="NOT RUN" starttime="20250829 19:32:52.927" endtime="20250829 19:32:52.927"/>
</kw>
<kw name="Wait Scroll and Click" library="keyword">
<arg>${home_section}[ActualStartDate]</arg>
<status status="NOT RUN" starttime="20250829 19:32:52.927" endtime="20250829 19:32:52.927"/>
</kw>
<kw name="Wait Scroll and Click" library="keyword">
<arg>${home_section}[ActualEndDate]</arg>
<status status="NOT RUN" starttime="20250829 19:32:52.927" endtime="20250829 19:32:52.927"/>
</kw>
<kw name="Wait Click And Input" library="keyword">
<arg>${home_section}[OriginalEstimate]</arg>
<arg>${data}[${Keys_No}][OriginalEstimate]</arg>
<status status="NOT RUN" starttime="20250829 19:32:52.927" endtime="20250829 19:32:52.927"/>
</kw>
<kw name="Wait Scroll and Click" library="keyword">
<arg>${home_section}[TimeTracking]</arg>
<status status="NOT RUN" starttime="20250829 19:32:52.927" endtime="20250829 19:32:52.927"/>
</kw>
<kw name="Wait Scroll and Input" library="keyword">
<arg>${home_section}[TimeSpent]</arg>
<arg>${data}[${Keys_No}][TimeSpent]</arg>
<status status="NOT RUN" starttime="20250829 19:32:52.927" endtime="20250829 19:32:52.927"/>
</kw>
<kw name="Wait Click And Input" library="keyword">
<arg>${home_section}[starttime]</arg>
<arg>${data}[${Keys_No}][starttime]</arg>
<status status="NOT RUN" starttime="20250829 19:32:52.927" endtime="20250829 19:32:52.927"/>
</kw>
<kw name="Press Keys" library="SeleniumLibrary">
<arg>${home_section}[starttime]</arg>
<arg>ENTER</arg>
<doc>Simulates the user pressing key(s) to an element or on the active browser.</doc>
<status status="NOT RUN" starttime="20250829 19:32:52.927" endtime="20250829 19:32:52.927"/>
</kw>
<kw name="Wait and Click" library="keyword">
<arg>${home_section}[save]</arg>
<status status="NOT RUN" starttime="20250829 19:32:52.927" endtime="20250829 19:32:52.927"/>
</kw>
<kw name="Wait Click And Input" library="keyword">
<arg>${home_section}[Addcomment]</arg>
<arg>${data}[${Keys_No}][Addcomment]</arg>
<status status="NOT RUN" starttime="20250829 19:32:52.928" endtime="20250829 19:32:52.928"/>
</kw>
<kw name="Wait and Click" library="keyword">
<arg>${home_section}[savecomment]</arg>
<status status="NOT RUN" starttime="20250829 19:32:52.928" endtime="20250829 19:32:52.928"/>
</kw>
<kw name="Wait Click And Input" library="keyword">
<arg>${home_section}[Description]</arg>
<arg>${data}[${Keys_No}][Description]</arg>
<status status="NOT RUN" starttime="20250829 19:32:52.928" endtime="20250829 19:32:52.928"/>
</kw>
<kw name="Wait and Click" library="keyword">
<arg>${home_section}[savedescription]</arg>
<status status="NOT RUN" starttime="20250829 19:32:52.928" endtime="20250829 19:32:52.928"/>
</kw>
<status status="FAIL" starttime="20250829 19:32:50.512" endtime="20250829 19:32:52.928"/>
</branch>
<branch type="EXCEPT">
<kw name="Log To Console" library="BuiltIn">
<arg>Global Search Fail CA : ${Keys_No}</arg>
<doc>Logs the given message to the console.</doc>
<status status="PASS" starttime="20250829 19:32:52.928" endtime="20250829 19:32:52.928"/>
</kw>
<status status="PASS" starttime="20250829 19:32:52.928" endtime="20250829 19:32:52.928"/>
</branch>
<status status="PASS" starttime="20250829 19:32:50.512" endtime="20250829 19:32:52.928"/>
</try>
<status status="PASS" starttime="20250829 19:32:50.512" endtime="20250829 19:32:52.928"/>
</iter>
<status status="PASS" starttime="20250829 19:32:50.512" endtime="20250829 19:32:52.928"/>
</for>
<status status="PASS" starttime="20250829 19:32:00.436" endtime="20250829 19:32:52.929"/>
</test>
<status status="PASS" starttime="20250829 19:31:59.217" endtime="20250829 19:32:52.930"/>
</suite>
<statistics>
<total>
<stat pass="1" fail="0" skip="0">All Tests</stat>
</total>
<tag>
</tag>
<suite>
<stat pass="1" fail="0" skip="0" id="s1" name="AddTask">AddTask</stat>
</suite>
</statistics>
<errors>
</errors>
</robot>
